<?xml version="1.0" encoding="UTF-8"?>
<testng-results skipped="0" failed="1" ignored="0" total="3" passed="2">
  <reporter-output>
  </reporter-output>
  <suite name="TestSuite" duration-ms="58299" started-at="2021-08-17T16:07:19 IST" finished-at="2021-08-17T16:08:17 IST">
    <groups>
    </groups>
    <test name="Gmail" duration-ms="24205" started-at="2021-08-17T16:07:19 IST" finished-at="2021-08-17T16:07:43 IST">
      <class name="GmailTaskTest">
        <test-method status="PASS" signature="invokeBrowser()[pri:0, instance:GmailTaskTest@2b552920]" name="invokeBrowser" is-config="true" duration-ms="5527" started-at="2021-08-17T16:07:19 IST" finished-at="2021-08-17T16:07:24 IST">
          <reporter-output>
          </reporter-output>
        </test-method> <!-- invokeBrowser -->
        <test-method status="FAIL" signature="gmailLogin()[pri:0, instance:GmailTaskTest@2b552920]" name="gmailLogin" duration-ms="18411" started-at="2021-08-17T16:07:24 IST" finished-at="2021-08-17T16:07:43 IST">
          <exception class="org.openqa.selenium.NoSuchElementException">
            <message>
              <![CDATA[no such element: Unable to locate element: {"method":"xpath","selector":"//input[@placeholder='Search mail']"}
  (Session info: chrome=92.0.4515.131)
For documentation on this error, please visit: https://www.seleniumhq.org/exceptions/no_such_element.html
Build info: version: '3.141.59', revision: 'e82be7d358', time: '2018-11-14T08:17:03'
System info: host: 'LAPTOP-IOEN3K60', ip: '192.168.31.223', os.name: 'Windows 10', os.arch: 'amd64', os.version: '10.0', java.version: '1.8.0_291'
Driver info: org.openqa.selenium.chrome.ChromeDriver
Capabilities {acceptInsecureCerts: false, browserName: chrome, browserVersion: 92.0.4515.131, chrome: {chromedriverVersion: 91.0.4472.101 (af52a90bf870..., userDataDir: C:\Users\sanab\AppData\Loca...}, goog:chromeOptions: {debuggerAddress: localhost:10584}, javascriptEnabled: true, networkConnectionEnabled: false, pageLoadStrategy: normal, platform: WINDOWS, platformName: WINDOWS, proxy: Proxy(), setWindowRect: true, strictFileInteractability: false, timeouts: {implicit: 0, pageLoad: 300000, script: 30000}, unhandledPromptBehavior: dismiss and notify, webauthn:extension:largeBlob: true, webauthn:virtualAuthenticators: true}
Session ID: 66a0db9dac3b965b76584b6774e5eb9b
*** Element info: {Using=xpath, value=//input[@placeholder='Search mail']}]]>
            </message>
            <full-stacktrace>
              <![CDATA[org.openqa.selenium.NoSuchElementException: no such element: Unable to locate element: {"method":"xpath","selector":"//input[@placeholder='Search mail']"}
  (Session info: chrome=92.0.4515.131)
For documentation on this error, please visit: https://www.seleniumhq.org/exceptions/no_such_element.html
Build info: version: '3.141.59', revision: 'e82be7d358', time: '2018-11-14T08:17:03'
System info: host: 'LAPTOP-IOEN3K60', ip: '192.168.31.223', os.name: 'Windows 10', os.arch: 'amd64', os.version: '10.0', java.version: '1.8.0_291'
Driver info: org.openqa.selenium.chrome.ChromeDriver
Capabilities {acceptInsecureCerts: false, browserName: chrome, browserVersion: 92.0.4515.131, chrome: {chromedriverVersion: 91.0.4472.101 (af52a90bf870..., userDataDir: C:\Users\sanab\AppData\Loca...}, goog:chromeOptions: {debuggerAddress: localhost:10584}, javascriptEnabled: true, networkConnectionEnabled: false, pageLoadStrategy: normal, platform: WINDOWS, platformName: WINDOWS, proxy: Proxy(), setWindowRect: true, strictFileInteractability: false, timeouts: {implicit: 0, pageLoad: 300000, script: 30000}, unhandledPromptBehavior: dismiss and notify, webauthn:extension:largeBlob: true, webauthn:virtualAuthenticators: true}
Session ID: 66a0db9dac3b965b76584b6774e5eb9b
*** Element info: {Using=xpath, value=//input[@placeholder='Search mail']}
at sun.reflect.NativeConstructorAccessorImpl.newInstance0(Native Method)
at sun.reflect.NativeConstructorAccessorImpl.newInstance(NativeConstructorAccessorImpl.java:62)
at sun.reflect.DelegatingConstructorAccessorImpl.newInstance(DelegatingConstructorAccessorImpl.java:45)
at java.lang.reflect.Constructor.newInstance(Constructor.java:423)
at org.openqa.selenium.remote.http.W3CHttpResponseCodec.createException(W3CHttpResponseCodec.java:187)
at org.openqa.selenium.remote.http.W3CHttpResponseCodec.decode(W3CHttpResponseCodec.java:122)
at org.openqa.selenium.remote.http.W3CHttpResponseCodec.decode(W3CHttpResponseCodec.java:49)
at org.openqa.selenium.remote.HttpCommandExecutor.execute(HttpCommandExecutor.java:158)
at org.openqa.selenium.remote.service.DriverCommandExecutor.execute(DriverCommandExecutor.java:83)
at org.openqa.selenium.remote.RemoteWebDriver.execute(RemoteWebDriver.java:552)
at org.openqa.selenium.remote.RemoteWebDriver.findElement(RemoteWebDriver.java:323)
at org.openqa.selenium.remote.RemoteWebDriver.findElementByXPath(RemoteWebDriver.java:428)
at org.openqa.selenium.By$ByXPath.findElement(By.java:353)
at org.openqa.selenium.remote.RemoteWebDriver.findElement(RemoteWebDriver.java:315)
at GmailObjects.GmailUIObjects.searchBox(GmailUIObjects.java:19)
at GmailTaskTest.gmailLogin(GmailTaskTest.java:40)
at sun.reflect.NativeMethodAccessorImpl.invoke0(Native Method)
at sun.reflect.NativeMethodAccessorImpl.invoke(NativeMethodAccessorImpl.java:62)
at sun.reflect.DelegatingMethodAccessorImpl.invoke(DelegatingMethodAccessorImpl.java:43)
at java.lang.reflect.Method.invoke(Method.java:498)
at org.testng.internal.MethodInvocationHelper.invokeMethod(MethodInvocationHelper.java:133)
at org.testng.internal.TestInvoker.invokeMethod(TestInvoker.java:598)
at org.testng.internal.TestInvoker.invokeTestMethod(TestInvoker.java:173)
at org.testng.internal.MethodRunner.runInSequence(MethodRunner.java:46)
at org.testng.internal.TestInvoker$MethodInvocationAgent.invoke(TestInvoker.java:824)
at org.testng.internal.TestInvoker.invokeTestMethods(TestInvoker.java:146)
at org.testng.internal.TestMethodWorker.invokeTestMethods(TestMethodWorker.java:146)
at org.testng.internal.TestMethodWorker.run(TestMethodWorker.java:128)
at java.util.ArrayList.forEach(ArrayList.java:1259)
at org.testng.TestRunner.privateRun(TestRunner.java:794)
at org.testng.TestRunner.run(TestRunner.java:596)
at org.testng.SuiteRunner.runTest(SuiteRunner.java:377)
at org.testng.SuiteRunner.access$000(SuiteRunner.java:28)
at org.testng.SuiteRunner$SuiteWorker.run(SuiteRunner.java:418)
at org.testng.internal.thread.ThreadUtil.lambda$execute$0(ThreadUtil.java:64)
at java.util.concurrent.FutureTask.run(FutureTask.java:266)
at java.util.concurrent.ThreadPoolExecutor.runWorker(ThreadPoolExecutor.java:1149)
at java.util.concurrent.ThreadPoolExecutor$Worker.run(ThreadPoolExecutor.java:624)
at java.lang.Thread.run(Thread.java:748)
]]>
            </full-stacktrace>
          </exception> <!-- org.openqa.selenium.NoSuchElementException -->
          <reporter-output>
          </reporter-output>
        </test-method> <!-- gmailLogin -->
        <test-method status="PASS" signature="closeBrowser()[pri:0, instance:GmailTaskTest@2b552920]" name="closeBrowser" is-config="true" duration-ms="195" started-at="2021-08-17T16:07:43 IST" finished-at="2021-08-17T16:07:43 IST">
          <reporter-output>
          </reporter-output>
        </test-method> <!-- closeBrowser -->
      </class> <!-- GmailTaskTest -->
    </test> <!-- Gmail -->
    <test name="Logo" duration-ms="50776" started-at="2021-08-17T16:07:19 IST" finished-at="2021-08-17T16:08:09 IST">
      <class name="VerifyLogoTest">
        <test-method status="PASS" signature="invokeBrowser()[pri:0, instance:VerifyLogoTest@4e7dc304]" name="invokeBrowser" is-config="true" duration-ms="5851" started-at="2021-08-17T16:07:19 IST" finished-at="2021-08-17T16:07:25 IST">
          <reporter-output>
          </reporter-output>
        </test-method> <!-- invokeBrowser -->
        <test-method status="PASS" signature="LogoTest()[pri:0, instance:VerifyLogoTest@4e7dc304]" name="LogoTest" duration-ms="44783" started-at="2021-08-17T16:07:25 IST" finished-at="2021-08-17T16:08:09 IST">
          <reporter-output>
          </reporter-output>
        </test-method> <!-- LogoTest -->
        <test-method status="PASS" signature="closeBrowser()[pri:0, instance:VerifyLogoTest@4e7dc304]" name="closeBrowser" is-config="true" duration-ms="136" started-at="2021-08-17T16:08:09 IST" finished-at="2021-08-17T16:08:09 IST">
          <reporter-output>
          </reporter-output>
        </test-method> <!-- closeBrowser -->
      </class> <!-- VerifyLogoTest -->
    </test> <!-- Logo -->
    <test name="Navigation" duration-ms="58299" started-at="2021-08-17T16:07:19 IST" finished-at="2021-08-17T16:08:17 IST">
      <class name="NavigationTest">
        <test-method status="PASS" signature="invokeBrowser()[pri:0, instance:NavigationTest@184f6be2]" name="invokeBrowser" is-config="true" duration-ms="5845" started-at="2021-08-17T16:07:19 IST" finished-at="2021-08-17T16:07:25 IST">
          <reporter-output>
          </reporter-output>
        </test-method> <!-- invokeBrowser -->
        <test-method status="PASS" signature="LogoTest()[pri:0, instance:NavigationTest@184f6be2]" name="LogoTest" duration-ms="52447" started-at="2021-08-17T16:07:25 IST" finished-at="2021-08-17T16:08:17 IST">
          <reporter-output>
          </reporter-output>
        </test-method> <!-- LogoTest -->
      </class> <!-- NavigationTest -->
    </test> <!-- Navigation -->
  </suite> <!-- TestSuite -->
</testng-results>
