<?xml version="1.0" encoding="UTF-8"?>
<testng-results skipped="0" failed="1" ignored="0" total="3" passed="2">
  <reporter-output>
  </reporter-output>
  <suite name="TestSuite" duration-ms="42774" started-at="2021-08-23T22:53:51 IST" finished-at="2021-08-23T22:54:34 IST">
    <groups>
    </groups>
    <test name="Gmail" duration-ms="23375" started-at="2021-08-23T22:53:51 IST" finished-at="2021-08-23T22:54:15 IST">
      <class name="GmailTaskTest">
        <test-method status="PASS" signature="invokeBrowser()[pri:0, instance:GmailTaskTest@32709393]" name="invokeBrowser" is-config="true" duration-ms="4249" started-at="2021-08-23T22:53:51 IST" finished-at="2021-08-23T22:53:55 IST">
          <reporter-output>
          </reporter-output>
        </test-method> <!-- invokeBrowser -->
        <test-method status="FAIL" signature="gmailLogin()[pri:0, instance:GmailTaskTest@32709393]" name="gmailLogin" duration-ms="18966" started-at="2021-08-23T22:53:55 IST" finished-at="2021-08-23T22:54:14 IST">
          <exception class="org.openqa.selenium.NoSuchElementException">
            <message>
              <![CDATA[no such element: Unable to locate element: {"method":"xpath","selector":"//input[@placeholder='Search mail']"}
  (Session info: chrome=92.0.4515.159)
For documentation on this error, please visit: https://www.seleniumhq.org/exceptions/no_such_element.html
Build info: version: '3.141.59', revision: 'e82be7d358', time: '2018-11-14T08:17:03'
System info: host: 'sana-Swift-SF314-55G', ip: '127.0.1.1', os.name: 'Linux', os.arch: 'amd64', os.version: '5.8.0-53-generic', java.version: '1.8.0_292'
Driver info: org.openqa.selenium.chrome.ChromeDriver
Capabilities {acceptInsecureCerts: false, browserName: chrome, browserVersion: 92.0.4515.159, chrome: {chromedriverVersion: 92.0.4515.107 (87a818b10553..., userDataDir: /tmp/.com.google.Chrome.2pq6A3}, goog:chromeOptions: {debuggerAddress: localhost:43323}, javascriptEnabled: true, networkConnectionEnabled: false, pageLoadStrategy: normal, platform: LINUX, platformName: LINUX, proxy: Proxy(), setWindowRect: true, strictFileInteractability: false, timeouts: {implicit: 0, pageLoad: 300000, script: 30000}, unhandledPromptBehavior: dismiss and notify, webauthn:extension:credBlob: true, webauthn:extension:largeBlob: true, webauthn:virtualAuthenticators: true}
Session ID: b7ae6c7279504087c9ca3b06711d5112
*** Element info: {Using=xpath, value=//input[@placeholder='Search mail']}]]>
            </message>
            <full-stacktrace>
              <![CDATA[org.openqa.selenium.NoSuchElementException: no such element: Unable to locate element: {"method":"xpath","selector":"//input[@placeholder='Search mail']"}
  (Session info: chrome=92.0.4515.159)
For documentation on this error, please visit: https://www.seleniumhq.org/exceptions/no_such_element.html
Build info: version: '3.141.59', revision: 'e82be7d358', time: '2018-11-14T08:17:03'
System info: host: 'sana-Swift-SF314-55G', ip: '127.0.1.1', os.name: 'Linux', os.arch: 'amd64', os.version: '5.8.0-53-generic', java.version: '1.8.0_292'
Driver info: org.openqa.selenium.chrome.ChromeDriver
Capabilities {acceptInsecureCerts: false, browserName: chrome, browserVersion: 92.0.4515.159, chrome: {chromedriverVersion: 92.0.4515.107 (87a818b10553..., userDataDir: /tmp/.com.google.Chrome.2pq6A3}, goog:chromeOptions: {debuggerAddress: localhost:43323}, javascriptEnabled: true, networkConnectionEnabled: false, pageLoadStrategy: normal, platform: LINUX, platformName: LINUX, proxy: Proxy(), setWindowRect: true, strictFileInteractability: false, timeouts: {implicit: 0, pageLoad: 300000, script: 30000}, unhandledPromptBehavior: dismiss and notify, webauthn:extension:credBlob: true, webauthn:extension:largeBlob: true, webauthn:virtualAuthenticators: true}
Session ID: b7ae6c7279504087c9ca3b06711d5112
*** Element info: {Using=xpath, value=//input[@placeholder='Search mail']}
at sun.reflect.NativeConstructorAccessorImpl.newInstance0(Native Method)
at sun.reflect.NativeConstructorAccessorImpl.newInstance(NativeConstructorAccessorImpl.java:62)
at sun.reflect.DelegatingConstructorAccessorImpl.newInstance(DelegatingConstructorAccessorImpl.java:45)
at java.lang.reflect.Constructor.newInstance(Constructor.java:423)
at org.openqa.selenium.remote.http.W3CHttpResponseCodec.createException(W3CHttpResponseCodec.java:187)
at org.openqa.selenium.remote.http.W3CHttpResponseCodec.decode(W3CHttpResponseCodec.java:122)
at org.openqa.selenium.remote.http.W3CHttpResponseCodec.decode(W3CHttpResponseCodec.java:49)
at org.openqa.selenium.remote.HttpCommandExecutor.execute(HttpCommandExecutor.java:158)
at org.openqa.selenium.remote.service.DriverCommandExecutor.execute(DriverCommandExecutor.java:83)
at org.openqa.selenium.remote.RemoteWebDriver.execute(RemoteWebDriver.java:552)
at org.openqa.selenium.remote.RemoteWebDriver.findElement(RemoteWebDriver.java:323)
at org.openqa.selenium.remote.RemoteWebDriver.findElementByXPath(RemoteWebDriver.java:428)
at org.openqa.selenium.By$ByXPath.findElement(By.java:353)
at org.openqa.selenium.remote.RemoteWebDriver.findElement(RemoteWebDriver.java:315)
at GmailObjects.GmailUIObjects.searchBox(GmailUIObjects.java:19)
at GmailTaskTest.gmailLogin(GmailTaskTest.java:40)
at sun.reflect.NativeMethodAccessorImpl.invoke0(Native Method)
at sun.reflect.NativeMethodAccessorImpl.invoke(NativeMethodAccessorImpl.java:62)
at sun.reflect.DelegatingMethodAccessorImpl.invoke(DelegatingMethodAccessorImpl.java:43)
at java.lang.reflect.Method.invoke(Method.java:498)
at org.testng.internal.MethodInvocationHelper.invokeMethod(MethodInvocationHelper.java:133)
at org.testng.internal.TestInvoker.invokeMethod(TestInvoker.java:598)
at org.testng.internal.TestInvoker.invokeTestMethod(TestInvoker.java:173)
at org.testng.internal.MethodRunner.runInSequence(MethodRunner.java:46)
at org.testng.internal.TestInvoker$MethodInvocationAgent.invoke(TestInvoker.java:824)
at org.testng.internal.TestInvoker.invokeTestMethods(TestInvoker.java:146)
at org.testng.internal.TestMethodWorker.invokeTestMethods(TestMethodWorker.java:146)
at org.testng.internal.TestMethodWorker.run(TestMethodWorker.java:128)
at java.util.ArrayList.forEach(ArrayList.java:1259)
at org.testng.TestRunner.privateRun(TestRunner.java:794)
at org.testng.TestRunner.run(TestRunner.java:596)
at org.testng.SuiteRunner.runTest(SuiteRunner.java:377)
at org.testng.SuiteRunner.access$000(SuiteRunner.java:28)
at org.testng.SuiteRunner$SuiteWorker.run(SuiteRunner.java:418)
at org.testng.internal.thread.ThreadUtil.lambda$execute$0(ThreadUtil.java:64)
at java.util.concurrent.FutureTask.run(FutureTask.java:266)
at java.util.concurrent.ThreadPoolExecutor.runWorker(ThreadPoolExecutor.java:1149)
at java.util.concurrent.ThreadPoolExecutor$Worker.run(ThreadPoolExecutor.java:624)
at java.lang.Thread.run(Thread.java:748)
]]>
            </full-stacktrace>
          </exception> <!-- org.openqa.selenium.NoSuchElementException -->
          <reporter-output>
          </reporter-output>
        </test-method> <!-- gmailLogin -->
        <test-method status="PASS" signature="closeBrowser()[pri:0, instance:GmailTaskTest@32709393]" name="closeBrowser" is-config="true" duration-ms="137" started-at="2021-08-23T22:54:14 IST" finished-at="2021-08-23T22:54:15 IST">
          <reporter-output>
          </reporter-output>
        </test-method> <!-- closeBrowser -->
      </class> <!-- GmailTaskTest -->
    </test> <!-- Gmail -->
    <test name="Logo" duration-ms="37474" started-at="2021-08-23T22:53:51 IST" finished-at="2021-08-23T22:54:29 IST">
      <class name="VerifyLogoTest">
        <test-method status="PASS" signature="invokeBrowser()[pri:0, instance:VerifyLogoTest@27a5f880]" name="invokeBrowser" is-config="true" duration-ms="3921" started-at="2021-08-23T22:53:51 IST" finished-at="2021-08-23T22:53:55 IST">
          <reporter-output>
          </reporter-output>
        </test-method> <!-- invokeBrowser -->
        <test-method status="PASS" signature="LogoTest()[pri:0, instance:VerifyLogoTest@27a5f880]" name="LogoTest" duration-ms="33445" started-at="2021-08-23T22:53:55 IST" finished-at="2021-08-23T22:54:29 IST">
          <reporter-output>
          </reporter-output>
        </test-method> <!-- LogoTest -->
        <test-method status="PASS" signature="closeBrowser()[pri:0, instance:VerifyLogoTest@27a5f880]" name="closeBrowser" is-config="true" duration-ms="81" started-at="2021-08-23T22:54:29 IST" finished-at="2021-08-23T22:54:29 IST">
          <reporter-output>
          </reporter-output>
        </test-method> <!-- closeBrowser -->
      </class> <!-- VerifyLogoTest -->
    </test> <!-- Logo -->
    <test name="Navigation" duration-ms="42774" started-at="2021-08-23T22:53:51 IST" finished-at="2021-08-23T22:54:34 IST">
      <class name="NavigationTest">
        <test-method status="PASS" signature="invokeBrowser()[pri:0, instance:NavigationTest@4d95d2a2]" name="invokeBrowser" is-config="true" duration-ms="3874" started-at="2021-08-23T22:53:51 IST" finished-at="2021-08-23T22:53:55 IST">
          <reporter-output>
          </reporter-output>
        </test-method> <!-- invokeBrowser -->
        <test-method status="PASS" signature="LogoTest()[pri:0, instance:NavigationTest@4d95d2a2]" name="LogoTest" duration-ms="38826" started-at="2021-08-23T22:53:55 IST" finished-at="2021-08-23T22:54:34 IST">
          <reporter-output>
          </reporter-output>
        </test-method> <!-- LogoTest -->
      </class> <!-- NavigationTest -->
    </test> <!-- Navigation -->
  </suite> <!-- TestSuite -->
</testng-results>
