<?xml version="1.0" encoding="UTF-8"?>
<testsuite xmlns:xsi="http://www.w3.org/2001/XMLSchema-instance" xsi:noNamespaceSchemaLocation="https://maven.apache.org/surefire/maven-surefire-plugin/xsd/surefire-test-report-3.0.xsd" version="3.0" name="TestSuite" time="43.425" tests="3" errors="0" skipped="0" failures="1">
  <properties>
[...]
</properties>
  <testcase name="gmailLogin" classname="GmailTaskTest" time="18.985">
    <failure message="no such element: Unable to locate element: {&quot;method&quot;:&quot;xpath&quot;,&quot;selector&quot;:&quot;//input[@placeholder=&apos;Search mail&apos;]&quot;}&#10;  (Session info: chrome=92.0.4515.159)&#10;For documentation on this error, please visit: https://www.seleniumhq.org/exceptions/no_such_element.html&#10;Build info: version: &apos;3.141.59&apos;, revision: &apos;e82be7d358&apos;, time: &apos;2018-11-14T08:17:03&apos;&#10;System info: host: &apos;sana-Swift-SF314-55G&apos;, ip: &apos;127.0.1.1&apos;, os.name: &apos;Linux&apos;, os.arch: &apos;amd64&apos;, os.version: &apos;5.8.0-53-generic&apos;, java.version: &apos;1.8.0_292&apos;&#10;Driver info: org.openqa.selenium.chrome.ChromeDriver&#10;Capabilities {acceptInsecureCerts: false, browserName: chrome, browserVersion: 92.0.4515.159, chrome: {chromedriverVersion: 92.0.4515.107 (87a818b10553..., userDataDir: /tmp/.com.google.Chrome.2pq6A3}, goog:chromeOptions: {debuggerAddress: localhost:43323}, javascriptEnabled: true, networkConnectionEnabled: false, pageLoadStrategy: normal, platform: LINUX, platformName: LINUX, proxy: Proxy(), setWindowRect: true, strictFileInteractability: false, timeouts: {implicit: 0, pageLoad: 300000, script: 30000}, unhandledPromptBehavior: dismiss and notify, webauthn:extension:credBlob: true, webauthn:extension:largeBlob: true, webauthn:virtualAuthenticators: true}&#10;Session ID: b7ae6c7279504087c9ca3b06711d5112&#10;*** Element info: {Using=xpath, value=//input[@placeholder=&apos;Search mail&apos;]}" type="org.openqa.selenium.NoSuchElementException"><![CDATA[org.openqa.selenium.NoSuchElementException: 
no such element: Unable to locate element: {"method":"xpath","selector":"//input[@placeholder='Search mail']"}
  (Session info: chrome=92.0.4515.159)
For documentation on this error, please visit: https://www.seleniumhq.org/exceptions/no_such_element.html
Build info: version: '3.141.59', revision: 'e82be7d358', time: '2018-11-14T08:17:03'
System info: host: 'sana-Swift-SF314-55G', ip: '127.0.1.1', os.name: 'Linux', os.arch: 'amd64', os.version: '5.8.0-53-generic', java.version: '1.8.0_292'
Driver info: org.openqa.selenium.chrome.ChromeDriver
Capabilities {acceptInsecureCerts: false, browserName: chrome, browserVersion: 92.0.4515.159, chrome: {chromedriverVersion: 92.0.4515.107 (87a818b10553..., userDataDir: /tmp/.com.google.Chrome.2pq6A3}, goog:chromeOptions: {debuggerAddress: localhost:43323}, javascriptEnabled: true, networkConnectionEnabled: false, pageLoadStrategy: normal, platform: LINUX, platformName: LINUX, proxy: Proxy(), setWindowRect: true, strictFileInteractability: false, timeouts: {implicit: 0, pageLoad: 300000, script: 30000}, unhandledPromptBehavior: dismiss and notify, webauthn:extension:credBlob: true, webauthn:extension:largeBlob: true, webauthn:virtualAuthenticators: true}
Session ID: b7ae6c7279504087c9ca3b06711d5112
*** Element info: {Using=xpath, value=//input[@placeholder='Search mail']}
	at GmailTaskTest.gmailLogin(GmailTaskTest.java:40)
]]></failure>
    <system-err><![CDATA[SSttSaartrtatirntg iChnrgo meCDhrriovmeeDrr i9v2e.0r. 49521.5i0..n14g05 17C5 hr.(o18me70Dar78i v1e(8r8 b7192a0.85015.3485ab10157.014503754 3(e8aa7a908e71284bb316045de5c3aac90f7e4332c4beba6e9de72c8b69cd5cf1c3f33c4cbb-er7e87e958f1s93/54b-1rre3afns4/c-bhrra-hneecafdss//b4r5a1n5c@h{-#1hh6e-3ha4eda}ds)s /o/4n54 15p5o1@r5{t@ #{115#611376483}
4)O}n )lo yno  nlpo coparoltr  tco1n 9n23e11c9t88i
4oOn
nsOl nyalr ye l loaoclclaaolwl e cdco.o
nnPnnleeeccatstieio onsnses e a rahetrt epa sl:al/lo/lwcoehwdre.od
m.Pe
ldPelreaiassveee  rsse.eec ehhtr tohpmst:it/u/pmcs.h:roor/mge/d/crsihevrecrou.mcrehirdtormyii-uvmc.eoornrg/s.sicedhcerurroaimttiyiu-ocmon.nssoi rdefgroa/trsi oenscsu ufgrogri etssuygt-gicesootninsosn sio donne  rkkeaeepteiipngio nCngh rsCo hmrefDoormirevD errsi suvaegfreg. e
ssaChtfroeime.oD
rnivse r ownas  kstearetepdi nsgu cCchesrsofmuelDlryi.v
er safe.
CChhrroommeeDDrriivveerr  wwaass  ssttaarrtteedd  ssuucccceessssffuullllyy..

Aug 23, 2021 10:53:54 PM org.openqa.selenium.remote.ProtocolHandshake createSession
INFO: Detected dialect: W3C
Aug 23, 2021 10:53:54 PM org.openqa.selenium.remote.ProtocolHandshake createSession
INFO: Detected dialect: W3C
Aug 23, 2021 10:53:54 PM org.openqa.selenium.remote.ProtocolHandshake createSession
INFO: Detected dialect: W3C
]]></system-err>
  </testcase>
  <testcase name="LogoTest" classname="VerifyLogoTest" time="33.139"/>
  <testcase name="LogoTest" classname="NavigationTest" time="38.519"/>
</testsuite>