<?xml version="1.0" encoding="UTF-8"?>
<testsuite xmlns:xsi="http://www.w3.org/2001/XMLSchema-instance" xsi:noNamespaceSchemaLocation="https://maven.apache.org/surefire/maven-surefire-plugin/xsd/surefire-test-report-3.0.xsd" version="3.0" name="TestSuite" time="59.219" tests="3" errors="0" skipped="0" failures="1">
  <properties>
[...]
</properties>
  <testcase name="gmailLogin" classname="GmailTaskTest" time="18.153">
    <failure message="no such element: Unable to locate element: {&quot;method&quot;:&quot;xpath&quot;,&quot;selector&quot;:&quot;//input[@placeholder=&apos;Search mail&apos;]&quot;}&#10;  (Session info: chrome=92.0.4515.131)&#10;For documentation on this error, please visit: https://www.seleniumhq.org/exceptions/no_such_element.html&#10;Build info: version: &apos;3.141.59&apos;, revision: &apos;e82be7d358&apos;, time: &apos;2018-11-14T08:17:03&apos;&#10;System info: host: &apos;LAPTOP-IOEN3K60&apos;, ip: &apos;192.168.31.223&apos;, os.name: &apos;Windows 10&apos;, os.arch: &apos;amd64&apos;, os.version: &apos;10.0&apos;, java.version: &apos;1.8.0_291&apos;&#10;Driver info: org.openqa.selenium.chrome.ChromeDriver&#10;Capabilities {acceptInsecureCerts: false, browserName: chrome, browserVersion: 92.0.4515.131, chrome: {chromedriverVersion: 91.0.4472.101 (af52a90bf870..., userDataDir: C:\Users\sanab\AppData\Loca...}, goog:chromeOptions: {debuggerAddress: localhost:10584}, javascriptEnabled: true, networkConnectionEnabled: false, pageLoadStrategy: normal, platform: WINDOWS, platformName: WINDOWS, proxy: Proxy(), setWindowRect: true, strictFileInteractability: false, timeouts: {implicit: 0, pageLoad: 300000, script: 30000}, unhandledPromptBehavior: dismiss and notify, webauthn:extension:largeBlob: true, webauthn:virtualAuthenticators: true}&#10;Session ID: 66a0db9dac3b965b76584b6774e5eb9b&#10;*** Element info: {Using=xpath, value=//input[@placeholder=&apos;Search mail&apos;]}" type="org.openqa.selenium.NoSuchElementException"><![CDATA[org.openqa.selenium.NoSuchElementException: 
no such element: Unable to locate element: {"method":"xpath","selector":"//input[@placeholder='Search mail']"}
  (Session info: chrome=92.0.4515.131)
For documentation on this error, please visit: https://www.seleniumhq.org/exceptions/no_such_element.html
Build info: version: '3.141.59', revision: 'e82be7d358', time: '2018-11-14T08:17:03'
System info: host: 'LAPTOP-IOEN3K60', ip: '192.168.31.223', os.name: 'Windows 10', os.arch: 'amd64', os.version: '10.0', java.version: '1.8.0_291'
Driver info: org.openqa.selenium.chrome.ChromeDriver
Capabilities {acceptInsecureCerts: false, browserName: chrome, browserVersion: 92.0.4515.131, chrome: {chromedriverVersion: 91.0.4472.101 (af52a90bf870..., userDataDir: C:\Users\sanab\AppData\Loca...}, goog:chromeOptions: {debuggerAddress: localhost:10584}, javascriptEnabled: true, networkConnectionEnabled: false, pageLoadStrategy: normal, platform: WINDOWS, platformName: WINDOWS, proxy: Proxy(), setWindowRect: true, strictFileInteractability: false, timeouts: {implicit: 0, pageLoad: 300000, script: 30000}, unhandledPromptBehavior: dismiss and notify, webauthn:extension:largeBlob: true, webauthn:virtualAuthenticators: true}
Session ID: 66a0db9dac3b965b76584b6774e5eb9b
*** Element info: {Using=xpath, value=//input[@placeholder='Search mail']}
	at GmailTaskTest.gmailLogin(GmailTaskTest.java:40)
]]></failure>
    <system-err><![CDATA[Starting ChromeDriver 91.0.4472.101 (af52a90bf87030dd1523486a1cd3ae25c5d76c9b-refs/branch-heads/4472@{#1462}) on port 3074
Only locaSlt acrotinnng eChcrtomieoDrnisv earr e9 1a.l0l.o4w4e72d.1.01 
(aPfl52eaa9s0bef8 7s03e0ded 15h2t3t48p6sa:1c/d/3cahe2r5ocm5edd76rci9vbe-rr.efcsh/rboramnicuhm-.hoeragd/ss/e4c4u7r2i@t{#y14-6c2}o)n soin dpeorratt i2o7n5s0 1fo
rO nslugyg elsotciaol nsc oonnenct ikoenesp airSnet gaar tlCilnohgw rCeohdr.mome
eDDPlrirevaievsree r  s9se1ae.f e0h.t.t4p
s4:7/C/h2chrr.oom1emdre0Divr1eir .vc(ehraormfi 5u2wma.a9os0rbg f/ss8e7tc0au3rr0idttdey1-d5c2 o3sn48su6iccdeaer1scastdi3foauen2sl 5fcl5oydr7 .s6cu
9ggbe-srteifso/nbsr oann ckh-eheepaindgs /C4h4r72om@{e#Dr1i46ve2r})  saofne .po
rt 24072
Only local connections are allowed.
Please see https://chromeCdhrriovmere.Dcrihrvomeiru mw.asor gs/tsaretecd usrucicesstfuyl-lyc.on
siderations for suggestions on keeping ChromeDriver safe.
ChromeDriver was started successfully.
[1629196641.917][WARNING]: This version of ChromeDriver has not been tested with Chrome version 92.
[1629196642.028][WARNING]: This version of ChromeDriver has not been tested with Chrome version 92.
[1629196642.105][WARNING]: This version of ChromeDriver has not been tested with Chrome version 92.
Aug 17, 2021 4:07:22 PM org.openqa.selenium.remote.ProtocolHandshake createSession
INFO: Detected dialect: W3C
Aug 17, 2021 4:07:22 PM org.openqa.selenium.remote.ProtocolHandshake createSession
INFO: Detected dialect: W3C
Aug 17, 2021 4:07:22 PM org.openqa.selenium.remote.ProtocolHandshake createSession
INFO: Detected dialect: W3C
]]></system-err>
  </testcase>
  <testcase name="LogoTest" classname="VerifyLogoTest" time="44.783"/>
  <testcase name="LogoTest" classname="NavigationTest" time="52.442"/>
</testsuite>